Build started 4/28/2015 8:29:22 AM.
     1>Project "E:\ХНУ\Системне програмування\2 курс\2 семестр\ООП\ЛР 6\Defend\Car_Rent.vcxproj" on node 2 (Build target(s)).
     1>ClCompile:
         E:\Different\Visual Studio 2012 Professional x86\VC\bin\CL.exe /c /ZI /nologo /W3 /WX- /sdl /Od /Oy- /D _MBCS /Gm /EHsc /RTC1 /MDd /GS /fp:precise /Zc:wchar_t /Zc:forScope /Fo"Debug\\" /Fd"Debug\vc110.pdb" /Gd /TP /analyze- /errorReport:prompt Client.cpp Company.cpp Source.cpp
         Source.cpp
     1>e:\хну\системне програмування\2 курс\2 семестр\ооп\лр 6\defend\source.cpp(36): warning C4244: 'argument' : conversion from 'double' to 'const int', possible loss of data
         Company.cpp
     1>e:\хну\системне програмування\2 курс\2 семестр\ооп\лр 6\defend\company.cpp(15): warning C4172: returning address of local variable or temporary
     1>e:\хну\системне програмування\2 курс\2 семестр\ооп\лр 6\defend\company.cpp(30): warning C4018: '<' : signed/unsigned mismatch
         Generating Code...
         Skipping... (no relevant changes detected)
         Client.cpp
       Link:
         E:\Different\Visual Studio 2012 Professional x86\VC\bin\link.exe /ERRORREPORT:PROMPT /OUT:"E:\ХНУ\Системне програмування\2 курс\2 семестр\ООП\ЛР 6\Defend\Debug\Car_Rent.exe" /INCREMENTAL /NOLOGO kernel32.lib user32.lib gdi32.lib winspool.lib comdlg32.lib advapi32.lib shell32.lib ole32.lib oleaut32.lib uuid.lib odbc32.lib odbccp32.lib /MANIFEST /MANIFESTUAC:"level='asInvoker' uiAccess='false'" /manifest:embed /DEBUG /PDB:"E:\ХНУ\Системне програмування\2 курс\2 семестр\ООП\ЛР 6\Defend\Debug\Car_Rent.pdb" /TLBID:1 /DYNAMICBASE /NXCOMPAT /IMPLIB:"E:\ХНУ\Системне програмування\2 курс\2 семестр\ООП\ЛР 6\Defend\Debug\Car_Rent.lib" /MACHINE:X86 Debug\Administrator.obj
         Debug\Car.obj
         Debug\Client.obj
         Debug\Company.obj
         Debug\Form.obj
         Debug\Park.obj
         Debug\Person.obj
         Debug\Source.obj
         Car_Rent.vcxproj -> E:\ХНУ\Системне програмування\2 курс\2 семестр\ООП\ЛР 6\Defend\Debug\Car_Rent.exe
     1>Done Building Project "E:\ХНУ\Системне програмування\2 курс\2 семестр\ООП\ЛР 6\Defend\Car_Rent.vcxproj" (Build target(s)).

Build succeeded.

Time Elapsed 00:00:02.23
