Build started 5/25/2015 10:57:06 PM.
     1>Project "E:\ХНУ\Системне програмування\2 курс\2 семестр\ООП\ЛР 8\CarRent\CarRent.vcxproj" on node 2 (Build target(s)).
     1>ClCompile:
         E:\Different\Visual Studio 2012 Professional x86\VC\bin\CL.exe /c /AI"C:\Program Files (x86)\Reference Assemblies\Microsoft\Framework\.NETFramework\v4.5\\" /AI"C:\Program Files (x86)\Windows Kits\8.0\References\CommonConfiguration\Neutral" /AI"C:\Program Files (x86)\Reference Assemblies\Microsoft\Framework\.NETFramework\v4.5\Facades\\" /Zi /clr /nologo /W3 /WX- /Od /Oy- /D WIN32 /D _DEBUG /D _UNICODE /D UNICODE /EHa /MDd /GS /fp:precise /Zc:wchar_t /Zc:forScope /Fo"Debug\\" /Fd"Debug\vc110.pdb" /TP /FU"C:\Program Files (x86)\Reference Assemblies\Microsoft\Framework\.NETFramework\v4.5\mscorlib.dll" /FU"C:\Program Files (x86)\Reference Assemblies\Microsoft\Framework\.NETFramework\v4.5\System.Data.dll" /FU"C:\Program Files (x86)\Reference Assemblies\Microsoft\Framework\.NETFramework\v4.5\System.dll" /FU"C:\Program Files (x86)\Reference Assemblies\Microsoft\Framework\.NETFramework\v4.5\System.Drawing.dll" /FU"C:\Program Files (x86)\Reference Assemblies\Microsoft\Framework\.NETFramework\v4.5\System.Windows.Forms.dll" /FU"C:\Program Files (x86)\Reference Assemblies\Microsoft\Framework\.NETFramework\v4.5\System.Xml.dll" /analyze- /errorReport:prompt /clr:nostdlib AdminForm.cpp CompanyForm.cpp
         AdminForm.cpp
     1>e:\хну\системне програмування\2 курс\2 семестр\ооп\лр 8\carrent\AdminForm.h(315): warning C4996: 'itoa': The POSIX name for this item is deprecated. Instead, use the ISO C++ conformant name: _itoa. See online help for details.
                 E:\Different\Visual Studio 2012 Professional x86\VC\include\stdlib.h(909) : see declaration of 'itoa'
     1>e:\хну\системне програмування\2 курс\2 семестр\ооп\лр 8\carrent\AdminForm.h(318): warning C4996: 'itoa': The POSIX name for this item is deprecated. Instead, use the ISO C++ conformant name: _itoa. See online help for details.
                 E:\Different\Visual Studio 2012 Professional x86\VC\include\stdlib.h(909) : see declaration of 'itoa'
     1>e:\хну\системне програмування\2 курс\2 семестр\ооп\лр 8\carrent\AdminForm.h(323): warning C4018: '<' : signed/unsigned mismatch
         CompanyForm.cpp
     1>e:\хну\системне програмування\2 курс\2 семестр\ооп\лр 8\carrent\AdminForm.h(315): warning C4996: 'itoa': The POSIX name for this item is deprecated. Instead, use the ISO C++ conformant name: _itoa. See online help for details.
                 E:\Different\Visual Studio 2012 Professional x86\VC\include\stdlib.h(909) : see declaration of 'itoa'
     1>e:\хну\системне програмування\2 курс\2 семестр\ооп\лр 8\carrent\AdminForm.h(318): warning C4996: 'itoa': The POSIX name for this item is deprecated. Instead, use the ISO C++ conformant name: _itoa. See online help for details.
                 E:\Different\Visual Studio 2012 Professional x86\VC\include\stdlib.h(909) : see declaration of 'itoa'
     1>e:\хну\системне програмування\2 курс\2 семестр\ооп\лр 8\carrent\AdminForm.h(323): warning C4018: '<' : signed/unsigned mismatch
     1>e:\хну\системне програмування\2 курс\2 семестр\ооп\лр 8\carrent\ClientForm.h(263): warning C4996: 'itoa': The POSIX name for this item is deprecated. Instead, use the ISO C++ conformant name: _itoa. See online help for details.
                 E:\Different\Visual Studio 2012 Professional x86\VC\include\stdlib.h(909) : see declaration of 'itoa'
     1>e:\хну\системне програмування\2 курс\2 семестр\ооп\лр 8\carrent\ClientForm.h(272): warning C4018: '>=' : signed/unsigned mismatch
     1>e:\хну\системне програмування\2 курс\2 семестр\ооп\лр 8\carrent\ClientForm.h(277): warning C4996: 'itoa': The POSIX name for this item is deprecated. Instead, use the ISO C++ conformant name: _itoa. See online help for details.
                 E:\Different\Visual Studio 2012 Professional x86\VC\include\stdlib.h(909) : see declaration of 'itoa'
     1>e:\хну\системне програмування\2 курс\2 семестр\ооп\лр 8\carrent\ClientForm.h(287): warning C4996: 'itoa': The POSIX name for this item is deprecated. Instead, use the ISO C++ conformant name: _itoa. See online help for details.
                 E:\Different\Visual Studio 2012 Professional x86\VC\include\stdlib.h(909) : see declaration of 'itoa'
     1>e:\хну\системне програмування\2 курс\2 семестр\ооп\лр 8\carrent\CompanyForm.h(30): warning C4996: 'itoa': The POSIX name for this item is deprecated. Instead, use the ISO C++ conformant name: _itoa. See online help for details.
                 E:\Different\Visual Studio 2012 Professional x86\VC\include\stdlib.h(909) : see declaration of 'itoa'
     1>e:\хну\системне програмування\2 курс\2 семестр\ооп\лр 8\carrent\CompanyForm.h(358): warning C4996: 'itoa': The POSIX name for this item is deprecated. Instead, use the ISO C++ conformant name: _itoa. See online help for details.
                 E:\Different\Visual Studio 2012 Professional x86\VC\include\stdlib.h(909) : see declaration of 'itoa'
     1>e:\хну\системне програмування\2 курс\2 семестр\ооп\лр 8\carrent\CompanyForm.h(381): warning C4996: 'itoa': The POSIX name for this item is deprecated. Instead, use the ISO C++ conformant name: _itoa. See online help for details.
                 E:\Different\Visual Studio 2012 Professional x86\VC\include\stdlib.h(909) : see declaration of 'itoa'
     1>e:\хну\системне програмування\2 курс\2 семестр\ооп\лр 8\carrent\CompanyForm.h(383): warning C4018: '<' : signed/unsigned mismatch
     1>e:\хну\системне програмування\2 курс\2 семестр\ооп\лр 8\carrent\CompanyForm.h(399): warning C4244: 'argument' : conversion from 'double' to 'int', possible loss of data
     1>e:\хну\системне програмування\2 курс\2 семестр\ооп\лр 8\carrent\CompanyForm.h(404): warning C4996: 'itoa': The POSIX name for this item is deprecated. Instead, use the ISO C++ conformant name: _itoa. See online help for details.
                 E:\Different\Visual Studio 2012 Professional x86\VC\include\stdlib.h(909) : see declaration of 'itoa'
     1>e:\хну\системне програмування\2 курс\2 семестр\ооп\лр 8\carrent\CompanyForm.h(414): warning C4996: 'itoa': The POSIX name for this item is deprecated. Instead, use the ISO C++ conformant name: _itoa. See online help for details.
                 E:\Different\Visual Studio 2012 Professional x86\VC\include\stdlib.h(909) : see declaration of 'itoa'
     1>e:\хну\системне програмування\2 курс\2 семестр\ооп\лр 8\carrent\CompanyForm.h(418): warning C4018: '<=' : signed/unsigned mismatch
     1>e:\хну\системне програмування\2 курс\2 семестр\ооп\лр 8\carrent\CompanyForm.h(423): warning C4018: '<' : signed/unsigned mismatch
     1>e:\хну\системне програмування\2 курс\2 семестр\ооп\лр 8\carrent\CompanyForm.h(428): warning C4996: 'itoa': The POSIX name for this item is deprecated. Instead, use the ISO C++ conformant name: _itoa. See online help for details.
                 E:\Different\Visual Studio 2012 Professional x86\VC\include\stdlib.h(909) : see declaration of 'itoa'
     1>e:\хну\системне програмування\2 курс\2 семестр\ооп\лр 8\carrent\CompanyForm.h(430): warning C4018: '>=' : signed/unsigned mismatch
         Generating Code...
       Link:
         E:\Different\Visual Studio 2012 Professional x86\VC\bin\link.exe /ERRORREPORT:PROMPT /OUT:"E:\ХНУ\Системне програмування\2 курс\2 семестр\ООП\ЛР 8\CarRent\Debug\CarRent.exe" /INCREMENTAL /NOLOGO /ASSEMBLYRESOURCE:Debug\CarRent.AdminForm.resources /ASSEMBLYRESOURCE:Debug\CarRent.ClientForm.resources /ASSEMBLYRESOURCE:Debug\CarRent.CompanyForm.resources /MANIFEST /MANIFESTUAC:"level='asInvoker' uiAccess='false'" /manifest:embed /DEBUG /PDB:"E:\ХНУ\Системне програмування\2 курс\2 семестр\ООП\ЛР 8\CarRent\Debug\CarRent.pdb" /ASSEMBLYDEBUG /SUBSYSTEM:WINDOWS /TLBID:1 /ENTRY:"main" /DYNAMICBASE /FIXED:NO /NXCOMPAT /MACHINE:X86 Debug\AdminForm.obj
         Debug\ClientForm.obj
         Debug\CompanyForm.obj
         "Debug\.NETFramework,Version=v4.5.AssemblyAttributes.obj"
         CarRent.vcxproj -> E:\ХНУ\Системне програмування\2 курс\2 семестр\ООП\ЛР 8\CarRent\Debug\CarRent.exe
     1>Done Building Project "E:\ХНУ\Системне програмування\2 курс\2 семестр\ООП\ЛР 8\CarRent\CarRent.vcxproj" (Build target(s)).

Build succeeded.

Time Elapsed 00:00:03.27
