E:\ХНУ\Системне програмування\2 курс\2 семестр\ООП\ЛР 8\CarRent\Debug\CarRent.AdminForm.resources
E:\ХНУ\Системне програмування\2 курс\2 семестр\ООП\ЛР 8\CarRent\Debug\CarRent.CompanyForm.resources
E:\ХНУ\Системне програмування\2 курс\2 семестр\ООП\ЛР 8\CARRENT\DEBUG\.NETFRAMEWORK,VERSION=V4.5.ASSEMBLYATTRIBUTES.OBJ
E:\ХНУ\СИСТЕМНЕ ПРОГРАМУВАННЯ\2 КУРС\2 СЕМЕСТР\ООП\ЛР 8\CARRENT\DEBUG\VC110.PDB
E:\ХНУ\Системне програмування\2 курс\2 семестр\ООП\ЛР 8\CARRENT\DEBUG\COMPANYFORM.OBJ
E:\ХНУ\СИСТЕМНЕ ПРОГРАМУВАННЯ\2 КУРС\2 СЕМЕСТР\ООП\ЛР 8\CARRENT\DEBUG\COMPANYFORM.OBJ
E:\ХНУ\Системне програмування\2 курс\2 семестр\ООП\ЛР 8\CARRENT\DEBUG\CARRENT.ILK
E:\ХНУ\Системне програмування\2 курс\2 семестр\ООП\ЛР 8\CARRENT\DEBUG\CARRENT.EXE
E:\ХНУ\СИСТЕМНЕ ПРОГРАМУВАННЯ\2 КУРС\2 СЕМЕСТР\ООП\ЛР 8\CARRENT\DEBUG\CARRENT.PDB
E:\ХНУ\Системне програмування\2 курс\2 семестр\ООП\ЛР 8\CarRent\Debug\CarRent.vcxproj.GenerateResource.Cache
E:\ХНУ\Системне програмування\2 курс\2 семестр\ООП\ЛР 8\CarRent\Debug\CarRent.vcxprojResolveAssemblyReference.cache
E:\ХНУ\Системне програмування\2 курс\2 семестр\ООП\ЛР 8\CarRent\Debug\.NETFramework,Version=v4.5.AssemblyAttributes.obj
E:\ХНУ\Системне програмування\2 курс\2 семестр\ООП\ЛР 8\CarRent\Debug\AdminForm.obj
E:\ХНУ\Системне програмування\2 курс\2 семестр\ООП\ЛР 8\CarRent\Debug\CompanyForm.obj
E:\ХНУ\Системне програмування\2 курс\2 семестр\ООП\ЛР 8\CarRent\Debug\CarRent.ilk
E:\ХНУ\Системне програмування\2 курс\2 семестр\ООП\ЛР 8\CarRent\Debug\CarRent.write.1.tlog
E:\ХНУ\Системне програмування\2 курс\2 семестр\ООП\ЛР 8\CarRent\Debug\cl.command.1.tlog
E:\ХНУ\Системне програмування\2 курс\2 семестр\ООП\ЛР 8\CarRent\Debug\CL.read.1.tlog
E:\ХНУ\Системне програмування\2 курс\2 семестр\ООП\ЛР 8\CarRent\Debug\CL.write.1.tlog
E:\ХНУ\Системне програмування\2 курс\2 семестр\ООП\ЛР 8\CarRent\Debug\link.1028-cvtres.read.1.tlog
E:\ХНУ\Системне програмування\2 курс\2 семестр\ООП\ЛР 8\CarRent\Debug\link.1028-cvtres.write.1.tlog
E:\ХНУ\Системне програмування\2 курс\2 семестр\ООП\ЛР 8\CarRent\Debug\link.1028-rc.read.1.tlog
E:\ХНУ\Системне програмування\2 курс\2 семестр\ООП\ЛР 8\CarRent\Debug\link.1028-rc.write.1.tlog
E:\ХНУ\Системне програмування\2 курс\2 семестр\ООП\ЛР 8\CarRent\Debug\link.1028.read.1.tlog
E:\ХНУ\Системне програмування\2 курс\2 семестр\ООП\ЛР 8\CarRent\Debug\link.1028.write.1.tlog
E:\ХНУ\Системне програмування\2 курс\2 семестр\ООП\ЛР 8\CarRent\Debug\link.1448-cvtres.read.1.tlog
E:\ХНУ\Системне програмування\2 курс\2 семестр\ООП\ЛР 8\CarRent\Debug\link.1448-cvtres.write.1.tlog
E:\ХНУ\Системне програмування\2 курс\2 семестр\ООП\ЛР 8\CarRent\Debug\link.1448-rc.read.1.tlog
E:\ХНУ\Системне програмування\2 курс\2 семестр\ООП\ЛР 8\CarRent\Debug\link.1448-rc.write.1.tlog
E:\ХНУ\Системне програмування\2 курс\2 семестр\ООП\ЛР 8\CarRent\Debug\link.1448.read.1.tlog
E:\ХНУ\Системне програмування\2 курс\2 семестр\ООП\ЛР 8\CarRent\Debug\link.1448.write.1.tlog
E:\ХНУ\Системне програмування\2 курс\2 семестр\ООП\ЛР 8\CarRent\Debug\link.1492-cvtres.read.1.tlog
E:\ХНУ\Системне програмування\2 курс\2 семестр\ООП\ЛР 8\CarRent\Debug\link.1492-cvtres.write.1.tlog
E:\ХНУ\Системне програмування\2 курс\2 семестр\ООП\ЛР 8\CarRent\Debug\link.1492-rc.read.1.tlog
E:\ХНУ\Системне програмування\2 курс\2 семестр\ООП\ЛР 8\CarRent\Debug\link.1492-rc.write.1.tlog
E:\ХНУ\Системне програмування\2 курс\2 семестр\ООП\ЛР 8\CarRent\Debug\link.1492.read.1.tlog
E:\ХНУ\Системне програмування\2 курс\2 семестр\ООП\ЛР 8\CarRent\Debug\link.1492.write.1.tlog
E:\ХНУ\Системне програмування\2 курс\2 семестр\ООП\ЛР 8\CarRent\Debug\link.196-cvtres.read.1.tlog
E:\ХНУ\Системне програмування\2 курс\2 семестр\ООП\ЛР 8\CarRent\Debug\link.196-cvtres.write.1.tlog
E:\ХНУ\Системне програмування\2 курс\2 семестр\ООП\ЛР 8\CarRent\Debug\link.196-rc.read.1.tlog
E:\ХНУ\Системне програмування\2 курс\2 семестр\ООП\ЛР 8\CarRent\Debug\link.196-rc.write.1.tlog
E:\ХНУ\Системне програмування\2 курс\2 семестр\ООП\ЛР 8\CarRent\Debug\link.196.read.1.tlog
E:\ХНУ\Системне програмування\2 курс\2 семестр\ООП\ЛР 8\CarRent\Debug\link.196.write.1.tlog
E:\ХНУ\Системне програмування\2 курс\2 семестр\ООП\ЛР 8\CarRent\Debug\link.2024-cvtres.read.1.tlog
E:\ХНУ\Системне програмування\2 курс\2 семестр\ООП\ЛР 8\CarRent\Debug\link.2024-cvtres.write.1.tlog
E:\ХНУ\Системне програмування\2 курс\2 семестр\ООП\ЛР 8\CarRent\Debug\link.2024-rc.read.1.tlog
E:\ХНУ\Системне програмування\2 курс\2 семестр\ООП\ЛР 8\CarRent\Debug\link.2024-rc.write.1.tlog
E:\ХНУ\Системне програмування\2 курс\2 семестр\ООП\ЛР 8\CarRent\Debug\link.2024.read.1.tlog
E:\ХНУ\Системне програмування\2 курс\2 семестр\ООП\ЛР 8\CarRent\Debug\link.2024.write.1.tlog
E:\ХНУ\Системне програмування\2 курс\2 семестр\ООП\ЛР 8\CarRent\Debug\link.2124-cvtres.read.1.tlog
E:\ХНУ\Системне програмування\2 курс\2 семестр\ООП\ЛР 8\CarRent\Debug\link.2124-cvtres.write.1.tlog
E:\ХНУ\Системне програмування\2 курс\2 семестр\ООП\ЛР 8\CarRent\Debug\link.2124-rc.read.1.tlog
E:\ХНУ\Системне програмування\2 курс\2 семестр\ООП\ЛР 8\CarRent\Debug\link.2124-rc.write.1.tlog
E:\ХНУ\Системне програмування\2 курс\2 семестр\ООП\ЛР 8\CarRent\Debug\link.2124.read.1.tlog
E:\ХНУ\Системне програмування\2 курс\2 семестр\ООП\ЛР 8\CarRent\Debug\link.2124.write.1.tlog
E:\ХНУ\Системне програмування\2 курс\2 семестр\ООП\ЛР 8\CarRent\Debug\link.2184-cvtres.read.1.tlog
E:\ХНУ\Системне програмування\2 курс\2 семестр\ООП\ЛР 8\CarRent\Debug\link.2184-cvtres.write.1.tlog
E:\ХНУ\Системне програмування\2 курс\2 семестр\ООП\ЛР 8\CarRent\Debug\link.2184-rc.read.1.tlog
E:\ХНУ\Системне програмування\2 курс\2 семестр\ООП\ЛР 8\CarRent\Debug\link.2184-rc.write.1.tlog
E:\ХНУ\Системне програмування\2 курс\2 семестр\ООП\ЛР 8\CarRent\Debug\link.2184.read.1.tlog
E:\ХНУ\Системне програмування\2 курс\2 семестр\ООП\ЛР 8\CarRent\Debug\link.2184.write.1.tlog
E:\ХНУ\Системне програмування\2 курс\2 семестр\ООП\ЛР 8\CarRent\Debug\link.2204-cvtres.read.1.tlog
E:\ХНУ\Системне програмування\2 курс\2 семестр\ООП\ЛР 8\CarRent\Debug\link.2204-cvtres.write.1.tlog
E:\ХНУ\Системне програмування\2 курс\2 семестр\ООП\ЛР 8\CarRent\Debug\link.2204-rc.read.1.tlog
E:\ХНУ\Системне програмування\2 курс\2 семестр\ООП\ЛР 8\CarRent\Debug\link.2204-rc.write.1.tlog
E:\ХНУ\Системне програмування\2 курс\2 семестр\ООП\ЛР 8\CarRent\Debug\link.2204.read.1.tlog
E:\ХНУ\Системне програмування\2 курс\2 семестр\ООП\ЛР 8\CarRent\Debug\link.2204.write.1.tlog
E:\ХНУ\Системне програмування\2 курс\2 семестр\ООП\ЛР 8\CarRent\Debug\link.3416-cvtres.read.1.tlog
E:\ХНУ\Системне програмування\2 курс\2 семестр\ООП\ЛР 8\CarRent\Debug\link.3416-cvtres.write.1.tlog
E:\ХНУ\Системне програмування\2 курс\2 семестр\ООП\ЛР 8\CarRent\Debug\link.3416-rc.read.1.tlog
E:\ХНУ\Системне програмування\2 курс\2 семестр\ООП\ЛР 8\CarRent\Debug\link.3416-rc.write.1.tlog
E:\ХНУ\Системне програмування\2 курс\2 семестр\ООП\ЛР 8\CarRent\Debug\link.3416.read.1.tlog
E:\ХНУ\Системне програмування\2 курс\2 семестр\ООП\ЛР 8\CarRent\Debug\link.3416.write.1.tlog
E:\ХНУ\Системне програмування\2 курс\2 семестр\ООП\ЛР 8\CarRent\Debug\link.3532-cvtres.read.1.tlog
E:\ХНУ\Системне програмування\2 курс\2 семестр\ООП\ЛР 8\CarRent\Debug\link.3532-cvtres.write.1.tlog
E:\ХНУ\Системне програмування\2 курс\2 семестр\ООП\ЛР 8\CarRent\Debug\link.3532-rc.read.1.tlog
E:\ХНУ\Системне програмування\2 курс\2 семестр\ООП\ЛР 8\CarRent\Debug\link.3532-rc.write.1.tlog
E:\ХНУ\Системне програмування\2 курс\2 семестр\ООП\ЛР 8\CarRent\Debug\link.3532.read.1.tlog
E:\ХНУ\Системне програмування\2 курс\2 семестр\ООП\ЛР 8\CarRent\Debug\link.3532.write.1.tlog
E:\ХНУ\Системне програмування\2 курс\2 семестр\ООП\ЛР 8\CarRent\Debug\link.3552-cvtres.read.1.tlog
E:\ХНУ\Системне програмування\2 курс\2 семестр\ООП\ЛР 8\CarRent\Debug\link.3552-cvtres.write.1.tlog
E:\ХНУ\Системне програмування\2 курс\2 семестр\ООП\ЛР 8\CarRent\Debug\link.3552-rc.read.1.tlog
E:\ХНУ\Системне програмування\2 курс\2 семестр\ООП\ЛР 8\CarRent\Debug\link.3552-rc.write.1.tlog
E:\ХНУ\Системне програмування\2 курс\2 семестр\ООП\ЛР 8\CarRent\Debug\link.3552.read.1.tlog
E:\ХНУ\Системне програмування\2 курс\2 семестр\ООП\ЛР 8\CarRent\Debug\link.3552.write.1.tlog
E:\ХНУ\Системне програмування\2 курс\2 семестр\ООП\ЛР 8\CarRent\Debug\link.3676-cvtres.read.1.tlog
E:\ХНУ\Системне програмування\2 курс\2 семестр\ООП\ЛР 8\CarRent\Debug\link.3676-cvtres.write.1.tlog
E:\ХНУ\Системне програмування\2 курс\2 семестр\ООП\ЛР 8\CarRent\Debug\link.3676-rc.read.1.tlog
E:\ХНУ\Системне програмування\2 курс\2 семестр\ООП\ЛР 8\CarRent\Debug\link.3676-rc.write.1.tlog
E:\ХНУ\Системне програмування\2 курс\2 семестр\ООП\ЛР 8\CarRent\Debug\link.3676.read.1.tlog
E:\ХНУ\Системне програмування\2 курс\2 семестр\ООП\ЛР 8\CarRent\Debug\link.3676.write.1.tlog
E:\ХНУ\Системне програмування\2 курс\2 семестр\ООП\ЛР 8\CarRent\Debug\link.3684-cvtres.read.1.tlog
E:\ХНУ\Системне програмування\2 курс\2 семестр\ООП\ЛР 8\CarRent\Debug\link.3684-cvtres.write.1.tlog
E:\ХНУ\Системне програмування\2 курс\2 семестр\ООП\ЛР 8\CarRent\Debug\link.3684-rc.read.1.tlog
E:\ХНУ\Системне програмування\2 курс\2 семестр\ООП\ЛР 8\CarRent\Debug\link.3684-rc.write.1.tlog
E:\ХНУ\Системне програмування\2 курс\2 семестр\ООП\ЛР 8\CarRent\Debug\link.3684.read.1.tlog
E:\ХНУ\Системне програмування\2 курс\2 семестр\ООП\ЛР 8\CarRent\Debug\link.3684.write.1.tlog
E:\ХНУ\Системне програмування\2 курс\2 семестр\ООП\ЛР 8\CarRent\Debug\link.3900-cvtres.read.1.tlog
E:\ХНУ\Системне програмування\2 курс\2 семестр\ООП\ЛР 8\CarRent\Debug\link.3900-cvtres.write.1.tlog
E:\ХНУ\Системне програмування\2 курс\2 семестр\ООП\ЛР 8\CarRent\Debug\link.3900-rc.read.1.tlog
E:\ХНУ\Системне програмування\2 курс\2 семестр\ООП\ЛР 8\CarRent\Debug\link.3900-rc.write.1.tlog
E:\ХНУ\Системне програмування\2 курс\2 семестр\ООП\ЛР 8\CarRent\Debug\link.3900.read.1.tlog
E:\ХНУ\Системне програмування\2 курс\2 семестр\ООП\ЛР 8\CarRent\Debug\link.3900.write.1.tlog
E:\ХНУ\Системне програмування\2 курс\2 семестр\ООП\ЛР 8\CarRent\Debug\link.3908-cvtres.read.1.tlog
E:\ХНУ\Системне програмування\2 курс\2 семестр\ООП\ЛР 8\CarRent\Debug\link.3908-cvtres.write.1.tlog
E:\ХНУ\Системне програмування\2 курс\2 семестр\ООП\ЛР 8\CarRent\Debug\link.3908-rc.read.1.tlog
E:\ХНУ\Системне програмування\2 курс\2 семестр\ООП\ЛР 8\CarRent\Debug\link.3908-rc.write.1.tlog
E:\ХНУ\Системне програмування\2 курс\2 семестр\ООП\ЛР 8\CarRent\Debug\link.3908.read.1.tlog
E:\ХНУ\Системне програмування\2 курс\2 семестр\ООП\ЛР 8\CarRent\Debug\link.3908.write.1.tlog
E:\ХНУ\Системне програмування\2 курс\2 семестр\ООП\ЛР 8\CarRent\Debug\link.3988-cvtres.read.1.tlog
E:\ХНУ\Системне програмування\2 курс\2 семестр\ООП\ЛР 8\CarRent\Debug\link.3988-cvtres.write.1.tlog
E:\ХНУ\Системне програмування\2 курс\2 семестр\ООП\ЛР 8\CarRent\Debug\link.3988-rc.read.1.tlog
E:\ХНУ\Системне програмування\2 курс\2 семестр\ООП\ЛР 8\CarRent\Debug\link.3988-rc.write.1.tlog
E:\ХНУ\Системне програмування\2 курс\2 семестр\ООП\ЛР 8\CarRent\Debug\link.3988.read.1.tlog
E:\ХНУ\Системне програмування\2 курс\2 семестр\ООП\ЛР 8\CarRent\Debug\link.3988.write.1.tlog
E:\ХНУ\Системне програмування\2 курс\2 семестр\ООП\ЛР 8\CarRent\Debug\link.4316-cvtres.read.1.tlog
E:\ХНУ\Системне програмування\2 курс\2 семестр\ООП\ЛР 8\CarRent\Debug\link.4316-cvtres.write.1.tlog
E:\ХНУ\Системне програмування\2 курс\2 семестр\ООП\ЛР 8\CarRent\Debug\link.4316-rc.read.1.tlog
E:\ХНУ\Системне програмування\2 курс\2 семестр\ООП\ЛР 8\CarRent\Debug\link.4316-rc.write.1.tlog
E:\ХНУ\Системне програмування\2 курс\2 семестр\ООП\ЛР 8\CarRent\Debug\link.4316.read.1.tlog
E:\ХНУ\Системне програмування\2 курс\2 семестр\ООП\ЛР 8\CarRent\Debug\link.4316.write.1.tlog
E:\ХНУ\Системне програмування\2 курс\2 семестр\ООП\ЛР 8\CarRent\Debug\link.4368-cvtres.read.1.tlog
E:\ХНУ\Системне програмування\2 курс\2 семестр\ООП\ЛР 8\CarRent\Debug\link.4368-cvtres.write.1.tlog
E:\ХНУ\Системне програмування\2 курс\2 семестр\ООП\ЛР 8\CarRent\Debug\link.4368-rc.read.1.tlog
E:\ХНУ\Системне програмування\2 курс\2 семестр\ООП\ЛР 8\CarRent\Debug\link.4368-rc.write.1.tlog
E:\ХНУ\Системне програмування\2 курс\2 семестр\ООП\ЛР 8\CarRent\Debug\link.4368.read.1.tlog
E:\ХНУ\Системне програмування\2 курс\2 семестр\ООП\ЛР 8\CarRent\Debug\link.4368.write.1.tlog
E:\ХНУ\Системне програмування\2 курс\2 семестр\ООП\ЛР 8\CarRent\Debug\link.4740-cvtres.read.1.tlog
E:\ХНУ\Системне програмування\2 курс\2 семестр\ООП\ЛР 8\CarRent\Debug\link.4740-cvtres.write.1.tlog
E:\ХНУ\Системне програмування\2 курс\2 семестр\ООП\ЛР 8\CarRent\Debug\link.4740-rc.read.1.tlog
E:\ХНУ\Системне програмування\2 курс\2 семестр\ООП\ЛР 8\CarRent\Debug\link.4740-rc.write.1.tlog
E:\ХНУ\Системне програмування\2 курс\2 семестр\ООП\ЛР 8\CarRent\Debug\link.4740.read.1.tlog
E:\ХНУ\Системне програмування\2 курс\2 семестр\ООП\ЛР 8\CarRent\Debug\link.4740.write.1.tlog
E:\ХНУ\Системне програмування\2 курс\2 семестр\ООП\ЛР 8\CarRent\Debug\link.4748-cvtres.read.1.tlog
E:\ХНУ\Системне програмування\2 курс\2 семестр\ООП\ЛР 8\CarRent\Debug\link.4748-cvtres.write.1.tlog
E:\ХНУ\Системне програмування\2 курс\2 семестр\ООП\ЛР 8\CarRent\Debug\link.4748-rc.read.1.tlog
E:\ХНУ\Системне програмування\2 курс\2 семестр\ООП\ЛР 8\CarRent\Debug\link.4748-rc.write.1.tlog
E:\ХНУ\Системне програмування\2 курс\2 семестр\ООП\ЛР 8\CarRent\Debug\link.4748.read.1.tlog
E:\ХНУ\Системне програмування\2 курс\2 семестр\ООП\ЛР 8\CarRent\Debug\link.4748.write.1.tlog
E:\ХНУ\Системне програмування\2 курс\2 семестр\ООП\ЛР 8\CarRent\Debug\link.4844-cvtres.read.1.tlog
E:\ХНУ\Системне програмування\2 курс\2 семестр\ООП\ЛР 8\CarRent\Debug\link.4844-cvtres.write.1.tlog
E:\ХНУ\Системне програмування\2 курс\2 семестр\ООП\ЛР 8\CarRent\Debug\link.4844-rc.read.1.tlog
E:\ХНУ\Системне програмування\2 курс\2 семестр\ООП\ЛР 8\CarRent\Debug\link.4844-rc.write.1.tlog
E:\ХНУ\Системне програмування\2 курс\2 семестр\ООП\ЛР 8\CarRent\Debug\link.4844.read.1.tlog
E:\ХНУ\Системне програмування\2 курс\2 семестр\ООП\ЛР 8\CarRent\Debug\link.4844.write.1.tlog
E:\ХНУ\Системне програмування\2 курс\2 семестр\ООП\ЛР 8\CarRent\Debug\link.4964-cvtres.read.1.tlog
E:\ХНУ\Системне програмування\2 курс\2 семестр\ООП\ЛР 8\CarRent\Debug\link.4964-cvtres.write.1.tlog
E:\ХНУ\Системне програмування\2 курс\2 семестр\ООП\ЛР 8\CarRent\Debug\link.4964-rc.read.1.tlog
E:\ХНУ\Системне програмування\2 курс\2 семестр\ООП\ЛР 8\CarRent\Debug\link.4964-rc.write.1.tlog
E:\ХНУ\Системне програмування\2 курс\2 семестр\ООП\ЛР 8\CarRent\Debug\link.4964.read.1.tlog
E:\ХНУ\Системне програмування\2 курс\2 семестр\ООП\ЛР 8\CarRent\Debug\link.4964.write.1.tlog
E:\ХНУ\Системне програмування\2 курс\2 семестр\ООП\ЛР 8\CarRent\Debug\link.5048-cvtres.read.1.tlog
E:\ХНУ\Системне програмування\2 курс\2 семестр\ООП\ЛР 8\CarRent\Debug\link.5048-cvtres.write.1.tlog
E:\ХНУ\Системне програмування\2 курс\2 семестр\ООП\ЛР 8\CarRent\Debug\link.5048-rc.read.1.tlog
E:\ХНУ\Системне програмування\2 курс\2 семестр\ООП\ЛР 8\CarRent\Debug\link.5048-rc.write.1.tlog
E:\ХНУ\Системне програмування\2 курс\2 семестр\ООП\ЛР 8\CarRent\Debug\link.5048.read.1.tlog
E:\ХНУ\Системне програмування\2 курс\2 семестр\ООП\ЛР 8\CarRent\Debug\link.5048.write.1.tlog
E:\ХНУ\Системне програмування\2 курс\2 семестр\ООП\ЛР 8\CarRent\Debug\link.5056-cvtres.read.1.tlog
E:\ХНУ\Системне програмування\2 курс\2 семестр\ООП\ЛР 8\CarRent\Debug\link.5056-cvtres.write.1.tlog
E:\ХНУ\Системне програмування\2 курс\2 семестр\ООП\ЛР 8\CarRent\Debug\link.5056-rc.read.1.tlog
E:\ХНУ\Системне програмування\2 курс\2 семестр\ООП\ЛР 8\CarRent\Debug\link.5056-rc.write.1.tlog
E:\ХНУ\Системне програмування\2 курс\2 семестр\ООП\ЛР 8\CarRent\Debug\link.5056.read.1.tlog
E:\ХНУ\Системне програмування\2 курс\2 семестр\ООП\ЛР 8\CarRent\Debug\link.5056.write.1.tlog
E:\ХНУ\Системне програмування\2 курс\2 семестр\ООП\ЛР 8\CarRent\Debug\link.5224-cvtres.read.1.tlog
E:\ХНУ\Системне програмування\2 курс\2 семестр\ООП\ЛР 8\CarRent\Debug\link.5224-cvtres.write.1.tlog
E:\ХНУ\Системне програмування\2 курс\2 семестр\ООП\ЛР 8\CarRent\Debug\link.5224-rc.read.1.tlog
E:\ХНУ\Системне програмування\2 курс\2 семестр\ООП\ЛР 8\CarRent\Debug\link.5224-rc.write.1.tlog
E:\ХНУ\Системне програмування\2 курс\2 семестр\ООП\ЛР 8\CarRent\Debug\link.5224.read.1.tlog
E:\ХНУ\Системне програмування\2 курс\2 семестр\ООП\ЛР 8\CarRent\Debug\link.5224.write.1.tlog
E:\ХНУ\Системне програмування\2 курс\2 семестр\ООП\ЛР 8\CarRent\Debug\link.5368-cvtres.read.1.tlog
E:\ХНУ\Системне програмування\2 курс\2 семестр\ООП\ЛР 8\CarRent\Debug\link.5368-cvtres.write.1.tlog
E:\ХНУ\Системне програмування\2 курс\2 семестр\ООП\ЛР 8\CarRent\Debug\link.5368-rc.read.1.tlog
E:\ХНУ\Системне програмування\2 курс\2 семестр\ООП\ЛР 8\CarRent\Debug\link.5368-rc.write.1.tlog
E:\ХНУ\Системне програмування\2 курс\2 семестр\ООП\ЛР 8\CarRent\Debug\link.5368.read.1.tlog
E:\ХНУ\Системне програмування\2 курс\2 семестр\ООП\ЛР 8\CarRent\Debug\link.5368.write.1.tlog
E:\ХНУ\Системне програмування\2 курс\2 семестр\ООП\ЛР 8\CarRent\Debug\link.5736-cvtres.read.1.tlog
E:\ХНУ\Системне програмування\2 курс\2 семестр\ООП\ЛР 8\CarRent\Debug\link.5736-cvtres.write.1.tlog
E:\ХНУ\Системне програмування\2 курс\2 семестр\ООП\ЛР 8\CarRent\Debug\link.5736-rc.read.1.tlog
E:\ХНУ\Системне програмування\2 курс\2 семестр\ООП\ЛР 8\CarRent\Debug\link.5736-rc.write.1.tlog
E:\ХНУ\Системне програмування\2 курс\2 семестр\ООП\ЛР 8\CarRent\Debug\link.5736.read.1.tlog
E:\ХНУ\Системне програмування\2 курс\2 семестр\ООП\ЛР 8\CarRent\Debug\link.5736.write.1.tlog
E:\ХНУ\Системне програмування\2 курс\2 семестр\ООП\ЛР 8\CarRent\Debug\link.5860-cvtres.read.1.tlog
E:\ХНУ\Системне програмування\2 курс\2 семестр\ООП\ЛР 8\CarRent\Debug\link.5860-cvtres.write.1.tlog
E:\ХНУ\Системне програмування\2 курс\2 семестр\ООП\ЛР 8\CarRent\Debug\link.5860-rc.read.1.tlog
E:\ХНУ\Системне програмування\2 курс\2 семестр\ООП\ЛР 8\CarRent\Debug\link.5860-rc.write.1.tlog
E:\ХНУ\Системне програмування\2 курс\2 семестр\ООП\ЛР 8\CarRent\Debug\link.5860.read.1.tlog
E:\ХНУ\Системне програмування\2 курс\2 семестр\ООП\ЛР 8\CarRent\Debug\link.5860.write.1.tlog
E:\ХНУ\Системне програмування\2 курс\2 семестр\ООП\ЛР 8\CarRent\Debug\link.588-cvtres.read.1.tlog
E:\ХНУ\Системне програмування\2 курс\2 семестр\ООП\ЛР 8\CarRent\Debug\link.588-cvtres.write.1.tlog
E:\ХНУ\Системне програмування\2 курс\2 семестр\ООП\ЛР 8\CarRent\Debug\link.588-rc.read.1.tlog
E:\ХНУ\Системне програмування\2 курс\2 семестр\ООП\ЛР 8\CarRent\Debug\link.588-rc.write.1.tlog
E:\ХНУ\Системне програмування\2 курс\2 семестр\ООП\ЛР 8\CarRent\Debug\link.588.read.1.tlog
E:\ХНУ\Системне програмування\2 курс\2 семестр\ООП\ЛР 8\CarRent\Debug\link.588.write.1.tlog
E:\ХНУ\Системне програмування\2 курс\2 семестр\ООП\ЛР 8\CarRent\Debug\link.5960-cvtres.read.1.tlog
E:\ХНУ\Системне програмування\2 курс\2 семестр\ООП\ЛР 8\CarRent\Debug\link.5960-cvtres.write.1.tlog
E:\ХНУ\Системне програмування\2 курс\2 семестр\ООП\ЛР 8\CarRent\Debug\link.5960-rc.read.1.tlog
E:\ХНУ\Системне програмування\2 курс\2 семестр\ООП\ЛР 8\CarRent\Debug\link.5960-rc.write.1.tlog
E:\ХНУ\Системне програмування\2 курс\2 семестр\ООП\ЛР 8\CarRent\Debug\link.5960.read.1.tlog
E:\ХНУ\Системне програмування\2 курс\2 семестр\ООП\ЛР 8\CarRent\Debug\link.5960.write.1.tlog
E:\ХНУ\Системне програмування\2 курс\2 семестр\ООП\ЛР 8\CarRent\Debug\link.6128-cvtres.read.1.tlog
E:\ХНУ\Системне програмування\2 курс\2 семестр\ООП\ЛР 8\CarRent\Debug\link.6128-cvtres.write.1.tlog
E:\ХНУ\Системне програмування\2 курс\2 семестр\ООП\ЛР 8\CarRent\Debug\link.6128-rc.read.1.tlog
E:\ХНУ\Системне програмування\2 курс\2 семестр\ООП\ЛР 8\CarRent\Debug\link.6128-rc.write.1.tlog
E:\ХНУ\Системне програмування\2 курс\2 семестр\ООП\ЛР 8\CarRent\Debug\link.6128.read.1.tlog
E:\ХНУ\Системне програмування\2 курс\2 семестр\ООП\ЛР 8\CarRent\Debug\link.6128.write.1.tlog
E:\ХНУ\Системне програмування\2 курс\2 семестр\ООП\ЛР 8\CarRent\Debug\link.6236-cvtres.read.1.tlog
E:\ХНУ\Системне програмування\2 курс\2 семестр\ООП\ЛР 8\CarRent\Debug\link.6236-cvtres.write.1.tlog
E:\ХНУ\Системне програмування\2 курс\2 семестр\ООП\ЛР 8\CarRent\Debug\link.6236-rc.read.1.tlog
E:\ХНУ\Системне програмування\2 курс\2 семестр\ООП\ЛР 8\CarRent\Debug\link.6236-rc.write.1.tlog
E:\ХНУ\Системне програмування\2 курс\2 семестр\ООП\ЛР 8\CarRent\Debug\link.6236.read.1.tlog
E:\ХНУ\Системне програмування\2 курс\2 семестр\ООП\ЛР 8\CarRent\Debug\link.6236.write.1.tlog
E:\ХНУ\Системне програмування\2 курс\2 семестр\ООП\ЛР 8\CarRent\Debug\link.6256-cvtres.read.1.tlog
E:\ХНУ\Системне програмування\2 курс\2 семестр\ООП\ЛР 8\CarRent\Debug\link.6256-cvtres.write.1.tlog
E:\ХНУ\Системне програмування\2 курс\2 семестр\ООП\ЛР 8\CarRent\Debug\link.6256-rc.read.1.tlog
E:\ХНУ\Системне програмування\2 курс\2 семестр\ООП\ЛР 8\CarRent\Debug\link.6256-rc.write.1.tlog
E:\ХНУ\Системне програмування\2 курс\2 семестр\ООП\ЛР 8\CarRent\Debug\link.6256.read.1.tlog
E:\ХНУ\Системне програмування\2 курс\2 семестр\ООП\ЛР 8\CarRent\Debug\link.6256.write.1.tlog
E:\ХНУ\Системне програмування\2 курс\2 семестр\ООП\ЛР 8\CarRent\Debug\link.6456-cvtres.read.1.tlog
E:\ХНУ\Системне програмування\2 курс\2 семестр\ООП\ЛР 8\CarRent\Debug\link.6456-cvtres.write.1.tlog
E:\ХНУ\Системне програмування\2 курс\2 семестр\ООП\ЛР 8\CarRent\Debug\link.6456-rc.read.1.tlog
E:\ХНУ\Системне програмування\2 курс\2 семестр\ООП\ЛР 8\CarRent\Debug\link.6456-rc.write.1.tlog
E:\ХНУ\Системне програмування\2 курс\2 семестр\ООП\ЛР 8\CarRent\Debug\link.6456.read.1.tlog
E:\ХНУ\Системне програмування\2 курс\2 семестр\ООП\ЛР 8\CarRent\Debug\link.6456.write.1.tlog
E:\ХНУ\Системне програмування\2 курс\2 семестр\ООП\ЛР 8\CarRent\Debug\link.6492-cvtres.read.1.tlog
E:\ХНУ\Системне програмування\2 курс\2 семестр\ООП\ЛР 8\CarRent\Debug\link.6492-cvtres.write.1.tlog
E:\ХНУ\Системне програмування\2 курс\2 семестр\ООП\ЛР 8\CarRent\Debug\link.6492-rc.read.1.tlog
E:\ХНУ\Системне програмування\2 курс\2 семестр\ООП\ЛР 8\CarRent\Debug\link.6492-rc.write.1.tlog
E:\ХНУ\Системне програмування\2 курс\2 семестр\ООП\ЛР 8\CarRent\Debug\link.6492.read.1.tlog
E:\ХНУ\Системне програмування\2 курс\2 семестр\ООП\ЛР 8\CarRent\Debug\link.6492.write.1.tlog
E:\ХНУ\Системне програмування\2 курс\2 семестр\ООП\ЛР 8\CarRent\Debug\link.6772-cvtres.read.1.tlog
E:\ХНУ\Системне програмування\2 курс\2 семестр\ООП\ЛР 8\CarRent\Debug\link.6772-cvtres.write.1.tlog
E:\ХНУ\Системне програмування\2 курс\2 семестр\ООП\ЛР 8\CarRent\Debug\link.6772-rc.read.1.tlog
E:\ХНУ\Системне програмування\2 курс\2 семестр\ООП\ЛР 8\CarRent\Debug\link.6772-rc.write.1.tlog
E:\ХНУ\Системне програмування\2 курс\2 семестр\ООП\ЛР 8\CarRent\Debug\link.6772.read.1.tlog
E:\ХНУ\Системне програмування\2 курс\2 семестр\ООП\ЛР 8\CarRent\Debug\link.6772.write.1.tlog
E:\ХНУ\Системне програмування\2 курс\2 семестр\ООП\ЛР 8\CarRent\Debug\link.6972-cvtres.read.1.tlog
E:\ХНУ\Системне програмування\2 курс\2 семестр\ООП\ЛР 8\CarRent\Debug\link.6972-cvtres.write.1.tlog
E:\ХНУ\Системне програмування\2 курс\2 семестр\ООП\ЛР 8\CarRent\Debug\link.6972-rc.read.1.tlog
E:\ХНУ\Системне програмування\2 курс\2 семестр\ООП\ЛР 8\CarRent\Debug\link.6972-rc.write.1.tlog
E:\ХНУ\Системне програмування\2 курс\2 семестр\ООП\ЛР 8\CarRent\Debug\link.6972.read.1.tlog
E:\ХНУ\Системне програмування\2 курс\2 семестр\ООП\ЛР 8\CarRent\Debug\link.6972.write.1.tlog
E:\ХНУ\Системне програмування\2 курс\2 семестр\ООП\ЛР 8\CarRent\Debug\link.6992-cvtres.read.1.tlog
E:\ХНУ\Системне програмування\2 курс\2 семестр\ООП\ЛР 8\CarRent\Debug\link.6992-cvtres.write.1.tlog
E:\ХНУ\Системне програмування\2 курс\2 семестр\ООП\ЛР 8\CarRent\Debug\link.6992-rc.read.1.tlog
E:\ХНУ\Системне програмування\2 курс\2 семестр\ООП\ЛР 8\CarRent\Debug\link.6992-rc.write.1.tlog
E:\ХНУ\Системне програмування\2 курс\2 семестр\ООП\ЛР 8\CarRent\Debug\link.6992.read.1.tlog
E:\ХНУ\Системне програмування\2 курс\2 семестр\ООП\ЛР 8\CarRent\Debug\link.6992.write.1.tlog
E:\ХНУ\Системне програмування\2 курс\2 семестр\ООП\ЛР 8\CarRent\Debug\link.7076-cvtres.read.1.tlog
E:\ХНУ\Системне програмування\2 курс\2 семестр\ООП\ЛР 8\CarRent\Debug\link.7076-cvtres.write.1.tlog
E:\ХНУ\Системне програмування\2 курс\2 семестр\ООП\ЛР 8\CarRent\Debug\link.7076-rc.read.1.tlog
E:\ХНУ\Системне програмування\2 курс\2 семестр\ООП\ЛР 8\CarRent\Debug\link.7076-rc.write.1.tlog
E:\ХНУ\Системне програмування\2 курс\2 семестр\ООП\ЛР 8\CarRent\Debug\link.7076.read.1.tlog
E:\ХНУ\Системне програмування\2 курс\2 семестр\ООП\ЛР 8\CarRent\Debug\link.7076.write.1.tlog
E:\ХНУ\Системне програмування\2 курс\2 семестр\ООП\ЛР 8\CarRent\Debug\link.7128-cvtres.read.1.tlog
E:\ХНУ\Системне програмування\2 курс\2 семестр\ООП\ЛР 8\CarRent\Debug\link.7128-cvtres.write.1.tlog
E:\ХНУ\Системне програмування\2 курс\2 семестр\ООП\ЛР 8\CarRent\Debug\link.7128-rc.read.1.tlog
E:\ХНУ\Системне програмування\2 курс\2 семестр\ООП\ЛР 8\CarRent\Debug\link.7128-rc.write.1.tlog
E:\ХНУ\Системне програмування\2 курс\2 семестр\ООП\ЛР 8\CarRent\Debug\link.7128.read.1.tlog
E:\ХНУ\Системне програмування\2 курс\2 семестр\ООП\ЛР 8\CarRent\Debug\link.7128.write.1.tlog
E:\ХНУ\Системне програмування\2 курс\2 семестр\ООП\ЛР 8\CarRent\Debug\link.7208-cvtres.read.1.tlog
E:\ХНУ\Системне програмування\2 курс\2 семестр\ООП\ЛР 8\CarRent\Debug\link.7208-cvtres.write.1.tlog
E:\ХНУ\Системне програмування\2 курс\2 семестр\ООП\ЛР 8\CarRent\Debug\link.7208-rc.read.1.tlog
E:\ХНУ\Системне програмування\2 курс\2 семестр\ООП\ЛР 8\CarRent\Debug\link.7208-rc.write.1.tlog
E:\ХНУ\Системне програмування\2 курс\2 семестр\ООП\ЛР 8\CarRent\Debug\link.7208.read.1.tlog
E:\ХНУ\Системне програмування\2 курс\2 семестр\ООП\ЛР 8\CarRent\Debug\link.7208.write.1.tlog
E:\ХНУ\Системне програмування\2 курс\2 семестр\ООП\ЛР 8\CarRent\Debug\link.7484-cvtres.read.1.tlog
E:\ХНУ\Системне програмування\2 курс\2 семестр\ООП\ЛР 8\CarRent\Debug\link.7484-cvtres.write.1.tlog
E:\ХНУ\Системне програмування\2 курс\2 семестр\ООП\ЛР 8\CarRent\Debug\link.7484-rc.read.1.tlog
E:\ХНУ\Системне програмування\2 курс\2 семестр\ООП\ЛР 8\CarRent\Debug\link.7484-rc.write.1.tlog
E:\ХНУ\Системне програмування\2 курс\2 семестр\ООП\ЛР 8\CarRent\Debug\link.7484.read.1.tlog
E:\ХНУ\Системне програмування\2 курс\2 семестр\ООП\ЛР 8\CarRent\Debug\link.7484.write.1.tlog
E:\ХНУ\Системне програмування\2 курс\2 семестр\ООП\ЛР 8\CarRent\Debug\link.7580-cvtres.read.1.tlog
E:\ХНУ\Системне програмування\2 курс\2 семестр\ООП\ЛР 8\CarRent\Debug\link.7580-cvtres.write.1.tlog
E:\ХНУ\Системне програмування\2 курс\2 семестр\ООП\ЛР 8\CarRent\Debug\link.7580-rc.read.1.tlog
E:\ХНУ\Системне програмування\2 курс\2 семестр\ООП\ЛР 8\CarRent\Debug\link.7580-rc.write.1.tlog
E:\ХНУ\Системне програмування\2 курс\2 семестр\ООП\ЛР 8\CarRent\Debug\link.7580.read.1.tlog
E:\ХНУ\Системне програмування\2 курс\2 семестр\ООП\ЛР 8\CarRent\Debug\link.7580.write.1.tlog
E:\ХНУ\Системне програмування\2 курс\2 семестр\ООП\ЛР 8\CarRent\Debug\link.7600-cvtres.read.1.tlog
E:\ХНУ\Системне програмування\2 курс\2 семестр\ООП\ЛР 8\CarRent\Debug\link.7600-cvtres.write.1.tlog
E:\ХНУ\Системне програмування\2 курс\2 семестр\ООП\ЛР 8\CarRent\Debug\link.7600-rc.read.1.tlog
E:\ХНУ\Системне програмування\2 курс\2 семестр\ООП\ЛР 8\CarRent\Debug\link.7600-rc.write.1.tlog
E:\ХНУ\Системне програмування\2 курс\2 семестр\ООП\ЛР 8\CarRent\Debug\link.7600.read.1.tlog
E:\ХНУ\Системне програмування\2 курс\2 семестр\ООП\ЛР 8\CarRent\Debug\link.7600.write.1.tlog
E:\ХНУ\Системне програмування\2 курс\2 семестр\ООП\ЛР 8\CarRent\Debug\link.7864-cvtres.read.1.tlog
E:\ХНУ\Системне програмування\2 курс\2 семестр\ООП\ЛР 8\CarRent\Debug\link.7864-cvtres.write.1.tlog
E:\ХНУ\Системне програмування\2 курс\2 семестр\ООП\ЛР 8\CarRent\Debug\link.7864-rc.read.1.tlog
E:\ХНУ\Системне програмування\2 курс\2 семестр\ООП\ЛР 8\CarRent\Debug\link.7864-rc.write.1.tlog
E:\ХНУ\Системне програмування\2 курс\2 семестр\ООП\ЛР 8\CarRent\Debug\link.7864.read.1.tlog
E:\ХНУ\Системне програмування\2 курс\2 семестр\ООП\ЛР 8\CarRent\Debug\link.7864.write.1.tlog
E:\ХНУ\Системне програмування\2 курс\2 семестр\ООП\ЛР 8\CarRent\Debug\link.8060-cvtres.read.1.tlog
E:\ХНУ\Системне програмування\2 курс\2 семестр\ООП\ЛР 8\CarRent\Debug\link.8060-cvtres.write.1.tlog
E:\ХНУ\Системне програмування\2 курс\2 семестр\ООП\ЛР 8\CarRent\Debug\link.8060-rc.read.1.tlog
E:\ХНУ\Системне програмування\2 курс\2 семестр\ООП\ЛР 8\CarRent\Debug\link.8060-rc.write.1.tlog
E:\ХНУ\Системне програмування\2 курс\2 семестр\ООП\ЛР 8\CarRent\Debug\link.8060.read.1.tlog
E:\ХНУ\Системне програмування\2 курс\2 семестр\ООП\ЛР 8\CarRent\Debug\link.8060.write.1.tlog
E:\ХНУ\Системне програмування\2 курс\2 семестр\ООП\ЛР 8\CarRent\Debug\link.8188-cvtres.read.1.tlog
E:\ХНУ\Системне програмування\2 курс\2 семестр\ООП\ЛР 8\CarRent\Debug\link.8188-cvtres.write.1.tlog
E:\ХНУ\Системне програмування\2 курс\2 семестр\ООП\ЛР 8\CarRent\Debug\link.8188-rc.read.1.tlog
E:\ХНУ\Системне програмування\2 курс\2 семестр\ООП\ЛР 8\CarRent\Debug\link.8188-rc.write.1.tlog
E:\ХНУ\Системне програмування\2 курс\2 семестр\ООП\ЛР 8\CarRent\Debug\link.8188.read.1.tlog
E:\ХНУ\Системне програмування\2 курс\2 семестр\ООП\ЛР 8\CarRent\Debug\link.8188.write.1.tlog
E:\ХНУ\Системне програмування\2 курс\2 семестр\ООП\ЛР 8\CarRent\Debug\link.856-cvtres.read.1.tlog
E:\ХНУ\Системне програмування\2 курс\2 семестр\ООП\ЛР 8\CarRent\Debug\link.856-cvtres.write.1.tlog
E:\ХНУ\Системне програмування\2 курс\2 семестр\ООП\ЛР 8\CarRent\Debug\link.856-rc.read.1.tlog
E:\ХНУ\Системне програмування\2 курс\2 семестр\ООП\ЛР 8\CarRent\Debug\link.856-rc.write.1.tlog
E:\ХНУ\Системне програмування\2 курс\2 семестр\ООП\ЛР 8\CarRent\Debug\link.856.read.1.tlog
E:\ХНУ\Системне програмування\2 курс\2 семестр\ООП\ЛР 8\CarRent\Debug\link.856.write.1.tlog
E:\ХНУ\Системне програмування\2 курс\2 семестр\ООП\ЛР 8\CarRent\Debug\link.916-cvtres.read.1.tlog
E:\ХНУ\Системне програмування\2 курс\2 семестр\ООП\ЛР 8\CarRent\Debug\link.916-cvtres.write.1.tlog
E:\ХНУ\Системне програмування\2 курс\2 семестр\ООП\ЛР 8\CarRent\Debug\link.916-rc.read.1.tlog
E:\ХНУ\Системне програмування\2 курс\2 семестр\ООП\ЛР 8\CarRent\Debug\link.916-rc.write.1.tlog
E:\ХНУ\Системне програмування\2 курс\2 семестр\ООП\ЛР 8\CarRent\Debug\link.916.read.1.tlog
E:\ХНУ\Системне програмування\2 курс\2 семестр\ООП\ЛР 8\CarRent\Debug\link.916.write.1.tlog
E:\ХНУ\Системне програмування\2 курс\2 семестр\ООП\ЛР 8\CarRent\Debug\link.command.1.tlog
E:\ХНУ\Системне програмування\2 курс\2 семестр\ООП\ЛР 8\CarRent\Debug\link.read.1.tlog
E:\ХНУ\Системне програмування\2 курс\2 семестр\ООП\ЛР 8\CarRent\Debug\link.write.1.tlog
E:\ХНУ\Системне програмування\2 курс\2 семестр\ООП\ЛР 8\CarRent\Debug\metagen.read.1.tlog
E:\ХНУ\Системне програмування\2 курс\2 семестр\ООП\ЛР 8\CarRent\Debug\metagen.write.1.tlog
E:\ХНУ\Системне програмування\2 курс\2 семестр\ООП\ЛР 8\CarRent\Debug\CarRent.pdb
E:\ХНУ\Системне програмування\2 курс\2 семестр\ООП\ЛР 8\CarRent\Debug\vc110.pdb
E:\ХНУ\Системне програмування\2 курс\2 семестр\ООП\ЛР 8\CarRent\Debug\CarRent.exe.metagen
E:\ХНУ\Системне програмування\2 курс\2 семестр\ООП\ЛР 8\CarRent\Debug\TZRES.DLL.bi
E:\ХНУ\Системне програмування\2 курс\2 семестр\ООП\ЛР 8\CarRent\Debug\CarRent.exe
